2026-03-18T07:18:24.807+05:30  INFO 24708 --- [student-service] [main] c.e.s.StudentServiceApplication          : Starting StudentServiceApplication v1.0.0 using Java 24.0.1 with PID 24708 (C:\Users\2479911\Downloads\files\edulink-microservices\edulink\student-service\target\student-service-1.0.0.jar started by 2479911 in C:\Users\2479911\Downloads\files\edulink-microservices\edulink)
2026-03-18T07:18:24.809+05:30 DEBUG 24708 --- [student-service] [main] c.e.s.StudentServiceApplication          : Running with Spring Boot v3.2.0, Spring v6.1.1
2026-03-18T07:18:24.811+05:30  INFO 24708 --- [student-service] [main] c.e.s.StudentServiceApplication          : No active profile set, falling back to 1 default profile: "default"
2026-03-18T07:18:26.945+05:30  INFO 24708 --- [student-service] [main] .s.d.r.c.RepositoryConfigurationDelegate : Bootstrapping Spring Data JPA repositories in DEFAULT mode.
2026-03-18T07:18:27.093+05:30  INFO 24708 --- [student-service] [main] .s.d.r.c.RepositoryConfigurationDelegate : Finished Spring Data repository scanning in 118 ms. Found 3 JPA repository interfaces.
2026-03-18T07:18:28.375+05:30  INFO 24708 --- [student-service] [main] o.s.b.w.embedded.tomcat.TomcatWebServer  : Tomcat initialized with port 8082 (http)
2026-03-18T07:18:28.387+05:30  INFO 24708 --- [student-service] [main] o.apache.catalina.core.StandardService   : Starting service [Tomcat]
2026-03-18T07:18:28.388+05:30  INFO 24708 --- [student-service] [main] o.apache.catalina.core.StandardEngine    : Starting Servlet engine: [Apache Tomcat/10.1.16]
2026-03-18T07:18:28.451+05:30  INFO 24708 --- [student-service] [main] o.a.c.c.C.[Tomcat].[localhost].[/]       : Initializing Spring embedded WebApplicationContext
2026-03-18T07:18:28.452+05:30  INFO 24708 --- [student-service] [main] w.s.c.ServletWebServerApplicationContext : Root WebApplicationContext: initialization completed in 3391 ms
2026-03-18T07:18:28.594+05:30 DEBUG 24708 --- [student-service] [main] c.e.s.security.JwtAuthFilter             : Filter 'jwtAuthFilter' configured for use
2026-03-18T07:18:28.949+05:30  INFO 24708 --- [student-service] [main] o.hibernate.jpa.internal.util.LogHelper  : HHH000204: Processing PersistenceUnitInfo [name: default]
2026-03-18T07:18:29.070+05:30  INFO 24708 --- [student-service] [main] org.hibernate.Version                    : HHH000412: Hibernate ORM core version 6.3.1.Final
2026-03-18T07:18:29.181+05:30  INFO 24708 --- [student-service] [main] o.h.c.internal.RegionFactoryInitiator    : HHH000026: Second-level cache disabled
2026-03-18T07:18:29.860+05:30  INFO 24708 --- [student-service] [main] o.s.o.j.p.SpringPersistenceUnitInfo      : No LoadTimeWeaver setup: ignoring JPA class transformer
2026-03-18T07:18:29.901+05:30  INFO 24708 --- [student-service] [main] com.zaxxer.hikari.HikariDataSource       : HikariPool-1 - Starting...
2026-03-18T07:18:30.228+05:30  INFO 24708 --- [student-service] [main] com.zaxxer.hikari.pool.HikariPool        : HikariPool-1 - Added connection com.mysql.cj.jdbc.ConnectionImpl@51ed2f68
2026-03-18T07:18:30.232+05:30  INFO 24708 --- [student-service] [main] com.zaxxer.hikari.HikariDataSource       : HikariPool-1 - Start completed.
2026-03-18T07:18:30.295+05:30  WARN 24708 --- [student-service] [main] org.hibernate.orm.deprecation            : HHH90000025: MySQL8Dialect does not need to be specified explicitly using 'hibernate.dialect' (remove the property setting and it will be selected by default)
2026-03-18T07:18:30.297+05:30  WARN 24708 --- [student-service] [main] org.hibernate.orm.deprecation            : HHH90000026: MySQL8Dialect has been deprecated; use org.hibernate.dialect.MySQLDialect instead
2026-03-18T07:18:31.719+05:30  INFO 24708 --- [student-service] [main] o.h.e.t.j.p.i.JtaPlatformInitiator       : HHH000489: No JTA platform available (set 'hibernate.transaction.jta.platform' to enable JTA platform integration)
2026-03-18T07:18:31.787+05:30  INFO 24708 --- [student-service] [main] j.LocalContainerEntityManagerFactoryBean : Initialized JPA EntityManagerFactory for persistence unit 'default'
2026-03-18T07:18:32.686+05:30  WARN 24708 --- [student-service] [main] JpaBaseConfiguration$JpaWebConfiguration : spring.jpa.open-in-view is enabled by default. Therefore, database queries may be performed during view rendering. Explicitly configure spring.jpa.open-in-view to disable this warning
2026-03-18T07:18:32.717+05:30  WARN 24708 --- [student-service] [main] .s.s.UserDetailsServiceAutoConfiguration : 

Using generated security password: a28d31fa-7a4d-4cf2-84a6-0f235b717f9e

This generated password is for development use only. Your security configuration must be updated before running your application in production.

2026-03-18T07:18:33.235+05:30  INFO 24708 --- [student-service] [main] o.s.s.web.DefaultSecurityFilterChain     : Will secure any request with [org.springframework.security.web.session.DisableEncodeUrlFilter@760d6350, org.springframework.security.web.context.request.async.WebAsyncManagerIntegrationFilter@5cb6b81b, org.springframework.security.web.context.SecurityContextHolderFilter@71c91121, org.springframework.security.web.header.HeaderWriterFilter@5ca10d0e, org.springframework.web.filter.CorsFilter@2a15bbf3, org.springframework.security.web.authentication.logout.LogoutFilter@3c29f6be, com.edulink.studentservice.security.JwtAuthFilter@3b7eac14, org.springframework.security.web.savedrequest.RequestCacheAwareFilter@568fd3de, org.springframework.security.web.servletapi.SecurityContextHolderAwareRequestFilter@5bc1903, org.springframework.security.web.authentication.AnonymousAuthenticationFilter@46c19350, org.springframework.security.web.session.SessionManagementFilter@460df441, org.springframework.security.web.access.ExceptionTranslationFilter@2f11d889, org.springframework.security.web.access.intercept.AuthorizationFilter@3333245e]
2026-03-18T07:18:33.634+05:30  INFO 24708 --- [student-service] [main] o.s.b.w.embedded.tomcat.TomcatWebServer  : Tomcat started on port 8082 (http) with context path ''
2026-03-18T07:18:33.666+05:30  INFO 24708 --- [student-service] [main] c.e.s.StudentServiceApplication          : Started StudentServiceApplication in 9.956 seconds (process running for 10.919)
2026-03-18T07:18:53.054+05:30  INFO 24708 --- [student-service] [SpringApplicationShutdownHook] j.LocalContainerEntityManagerFactoryBean : Closing JPA EntityManagerFactory for persistence unit 'default'
2026-03-18T07:18:53.066+05:30  INFO 24708 --- [student-service] [SpringApplicationShutdownHook] com.zaxxer.hikari.HikariDataSource       : HikariPool-1 - Shutdown initiated...
2026-03-18T07:18:53.107+05:30  INFO 24708 --- [student-service] [SpringApplicationShutdownHook] com.zaxxer.hikari.HikariDataSource       : HikariPool-1 - Shutdown completed.
2026-03-18T07:19:45.691+05:30  INFO 15116 --- [student-service] [main] c.e.s.StudentServiceApplication          : Starting StudentServiceApplication v1.0.0 using Java 24.0.1 with PID 15116 (C:\Users\2479911\Downloads\files\edulink-microservices\edulink\student-service\target\student-service-1.0.0.jar started by 2479911 in C:\Users\2479911\Downloads\files\edulink-microservices\edulink)
2026-03-18T07:19:45.693+05:30 DEBUG 15116 --- [student-service] [main] c.e.s.StudentServiceApplication          : Running with Spring Boot v3.2.0, Spring v6.1.1
2026-03-18T07:19:45.695+05:30  INFO 15116 --- [student-service] [main] c.e.s.StudentServiceApplication          : No active profile set, falling back to 1 default profile: "default"
2026-03-18T07:19:47.558+05:30  INFO 15116 --- [student-service] [main] .s.d.r.c.RepositoryConfigurationDelegate : Bootstrapping Spring Data JPA repositories in DEFAULT mode.
2026-03-18T07:19:47.704+05:30  INFO 15116 --- [student-service] [main] .s.d.r.c.RepositoryConfigurationDelegate : Finished Spring Data repository scanning in 125 ms. Found 3 JPA repository interfaces.
2026-03-18T07:19:49.012+05:30  INFO 15116 --- [student-service] [main] o.s.b.w.embedded.tomcat.TomcatWebServer  : Tomcat initialized with port 8082 (http)
2026-03-18T07:19:49.030+05:30  INFO 15116 --- [student-service] [main] o.apache.catalina.core.StandardService   : Starting service [Tomcat]
2026-03-18T07:19:49.031+05:30  INFO 15116 --- [student-service] [main] o.apache.catalina.core.StandardEngine    : Starting Servlet engine: [Apache Tomcat/10.1.16]
2026-03-18T07:19:49.152+05:30  INFO 15116 --- [student-service] [main] o.a.c.c.C.[Tomcat].[localhost].[/]       : Initializing Spring embedded WebApplicationContext
2026-03-18T07:19:49.153+05:30  INFO 15116 --- [student-service] [main] w.s.c.ServletWebServerApplicationContext : Root WebApplicationContext: initialization completed in 3256 ms
2026-03-18T07:19:49.288+05:30 DEBUG 15116 --- [student-service] [main] c.e.s.security.JwtAuthFilter             : Filter 'jwtAuthFilter' configured for use
2026-03-18T07:19:49.568+05:30  INFO 15116 --- [student-service] [main] o.hibernate.jpa.internal.util.LogHelper  : HHH000204: Processing PersistenceUnitInfo [name: default]
2026-03-18T07:19:49.681+05:30  INFO 15116 --- [student-service] [main] org.hibernate.Version                    : HHH000412: Hibernate ORM core version 6.3.1.Final
2026-03-18T07:19:49.755+05:30  INFO 15116 --- [student-service] [main] o.h.c.internal.RegionFactoryInitiator    : HHH000026: Second-level cache disabled
2026-03-18T07:19:50.290+05:30  INFO 15116 --- [student-service] [main] o.s.o.j.p.SpringPersistenceUnitInfo      : No LoadTimeWeaver setup: ignoring JPA class transformer
2026-03-18T07:19:50.345+05:30  INFO 15116 --- [student-service] [main] com.zaxxer.hikari.HikariDataSource       : HikariPool-1 - Starting...
2026-03-18T07:19:50.653+05:30  INFO 15116 --- [student-service] [main] com.zaxxer.hikari.pool.HikariPool        : HikariPool-1 - Added connection com.mysql.cj.jdbc.ConnectionImpl@22ae905f
2026-03-18T07:19:50.660+05:30  INFO 15116 --- [student-service] [main] com.zaxxer.hikari.HikariDataSource       : HikariPool-1 - Start completed.
2026-03-18T07:19:50.721+05:30  WARN 15116 --- [student-service] [main] org.hibernate.orm.deprecation            : HHH90000025: MySQL8Dialect does not need to be specified explicitly using 'hibernate.dialect' (remove the property setting and it will be selected by default)
2026-03-18T07:19:50.730+05:30  WARN 15116 --- [student-service] [main] org.hibernate.orm.deprecation            : HHH90000026: MySQL8Dialect has been deprecated; use org.hibernate.dialect.MySQLDialect instead
2026-03-18T07:19:51.973+05:30  INFO 15116 --- [student-service] [main] o.h.e.t.j.p.i.JtaPlatformInitiator       : HHH000489: No JTA platform available (set 'hibernate.transaction.jta.platform' to enable JTA platform integration)
2026-03-18T07:19:52.043+05:30  INFO 15116 --- [student-service] [main] j.LocalContainerEntityManagerFactoryBean : Initialized JPA EntityManagerFactory for persistence unit 'default'
2026-03-18T07:19:52.873+05:30  WARN 15116 --- [student-service] [main] JpaBaseConfiguration$JpaWebConfiguration : spring.jpa.open-in-view is enabled by default. Therefore, database queries may be performed during view rendering. Explicitly configure spring.jpa.open-in-view to disable this warning
2026-03-18T07:19:52.911+05:30  WARN 15116 --- [student-service] [main] .s.s.UserDetailsServiceAutoConfiguration : 

Using generated security password: aff31d60-ea0d-4458-9d81-f1a8e1172316

This generated password is for development use only. Your security configuration must be updated before running your application in production.

2026-03-18T07:19:53.426+05:30  INFO 15116 --- [student-service] [main] o.s.s.web.DefaultSecurityFilterChain     : Will secure any request with [org.springframework.security.web.session.DisableEncodeUrlFilter@32d46229, org.springframework.security.web.context.request.async.WebAsyncManagerIntegrationFilter@35198da3, org.springframework.security.web.context.SecurityContextHolderFilter@1ecd09d5, org.springframework.security.web.header.HeaderWriterFilter@3146f3d7, org.springframework.web.filter.CorsFilter@7f08c343, org.springframework.security.web.authentication.logout.LogoutFilter@5fe024a7, com.edulink.studentservice.security.JwtAuthFilter@5f631ca0, org.springframework.security.web.savedrequest.RequestCacheAwareFilter@53654b2d, org.springframework.security.web.servletapi.SecurityContextHolderAwareRequestFilter@45b2b0ed, org.springframework.security.web.authentication.AnonymousAuthenticationFilter@7fba492e, org.springframework.security.web.session.SessionManagementFilter@568fd3de, org.springframework.security.web.access.ExceptionTranslationFilter@5354bfce, org.springframework.security.web.access.intercept.AuthorizationFilter@2a15bbf3]
2026-03-18T07:19:53.857+05:30  INFO 15116 --- [student-service] [main] o.s.b.w.embedded.tomcat.TomcatWebServer  : Tomcat started on port 8082 (http) with context path ''
2026-03-18T07:19:53.889+05:30  INFO 15116 --- [student-service] [main] c.e.s.StudentServiceApplication          : Started StudentServiceApplication in 9.133 seconds (process running for 10.127)
2026-03-18T07:20:10.052+05:30  INFO 15116 --- [student-service] [SpringApplicationShutdownHook] j.LocalContainerEntityManagerFactoryBean : Closing JPA EntityManagerFactory for persistence unit 'default'
2026-03-18T07:20:10.062+05:30  INFO 15116 --- [student-service] [SpringApplicationShutdownHook] com.zaxxer.hikari.HikariDataSource       : HikariPool-1 - Shutdown initiated...
2026-03-18T07:20:10.095+05:30  INFO 15116 --- [student-service] [SpringApplicationShutdownHook] com.zaxxer.hikari.HikariDataSource       : HikariPool-1 - Shutdown completed.
2026-03-18T09:24:22.193+05:30  INFO 14608 --- [student-service] [main] c.e.s.StudentServiceApplication          : Starting StudentServiceApplication v1.0.0 using Java 24.0.1 with PID 14608 (C:\Users\2479911\Downloads\files\edulink-microservices\edulink\student-service\target\student-service-1.0.0.jar started by 2479911 in C:\Users\2479911\Downloads\files\edulink-microservices\edulink)
2026-03-18T09:24:22.195+05:30 DEBUG 14608 --- [student-service] [main] c.e.s.StudentServiceApplication          : Running with Spring Boot v3.2.0, Spring v6.1.1
2026-03-18T09:24:22.196+05:30  INFO 14608 --- [student-service] [main] c.e.s.StudentServiceApplication          : No active profile set, falling back to 1 default profile: "default"
2026-03-18T09:24:23.231+05:30  INFO 14608 --- [student-service] [main] .s.d.r.c.RepositoryConfigurationDelegate : Bootstrapping Spring Data JPA repositories in DEFAULT mode.
2026-03-18T09:24:23.317+05:30  INFO 14608 --- [student-service] [main] .s.d.r.c.RepositoryConfigurationDelegate : Finished Spring Data repository scanning in 68 ms. Found 3 JPA repository interfaces.
2026-03-18T09:24:24.158+05:30  INFO 14608 --- [student-service] [main] o.s.b.w.embedded.tomcat.TomcatWebServer  : Tomcat initialized with port 8082 (http)
2026-03-18T09:24:24.167+05:30  INFO 14608 --- [student-service] [main] o.apache.catalina.core.StandardService   : Starting service [Tomcat]
2026-03-18T09:24:24.167+05:30  INFO 14608 --- [student-service] [main] o.apache.catalina.core.StandardEngine    : Starting Servlet engine: [Apache Tomcat/10.1.16]
2026-03-18T09:24:24.209+05:30  INFO 14608 --- [student-service] [main] o.a.c.c.C.[Tomcat].[localhost].[/]       : Initializing Spring embedded WebApplicationContext
2026-03-18T09:24:24.209+05:30  INFO 14608 --- [student-service] [main] w.s.c.ServletWebServerApplicationContext : Root WebApplicationContext: initialization completed in 1930 ms
2026-03-18T09:24:24.279+05:30 DEBUG 14608 --- [student-service] [main] c.e.s.security.JwtAuthFilter             : Filter 'jwtAuthFilter' configured for use
2026-03-18T09:24:24.462+05:30  INFO 14608 --- [student-service] [main] o.hibernate.jpa.internal.util.LogHelper  : HHH000204: Processing PersistenceUnitInfo [name: default]
2026-03-18T09:24:24.534+05:30  INFO 14608 --- [student-service] [main] org.hibernate.Version                    : HHH000412: Hibernate ORM core version 6.3.1.Final
2026-03-18T09:24:24.582+05:30  INFO 14608 --- [student-service] [main] o.h.c.internal.RegionFactoryInitiator    : HHH000026: Second-level cache disabled
2026-03-18T09:24:24.861+05:30  INFO 14608 --- [student-service] [main] o.s.o.j.p.SpringPersistenceUnitInfo      : No LoadTimeWeaver setup: ignoring JPA class transformer
2026-03-18T09:24:24.886+05:30  INFO 14608 --- [student-service] [main] com.zaxxer.hikari.HikariDataSource       : HikariPool-1 - Starting...
2026-03-18T09:24:25.082+05:30  INFO 14608 --- [student-service] [main] com.zaxxer.hikari.pool.HikariPool        : HikariPool-1 - Added connection com.mysql.cj.jdbc.ConnectionImpl@586843bc
2026-03-18T09:24:25.084+05:30  INFO 14608 --- [student-service] [main] com.zaxxer.hikari.HikariDataSource       : HikariPool-1 - Start completed.
2026-03-18T09:24:25.120+05:30  WARN 14608 --- [student-service] [main] org.hibernate.orm.deprecation            : HHH90000025: MySQL8Dialect does not need to be specified explicitly using 'hibernate.dialect' (remove the property setting and it will be selected by default)
2026-03-18T09:24:25.122+05:30  WARN 14608 --- [student-service] [main] org.hibernate.orm.deprecation            : HHH90000026: MySQL8Dialect has been deprecated; use org.hibernate.dialect.MySQLDialect instead
2026-03-18T09:24:25.878+05:30  INFO 14608 --- [student-service] [main] o.h.e.t.j.p.i.JtaPlatformInitiator       : HHH000489: No JTA platform available (set 'hibernate.transaction.jta.platform' to enable JTA platform integration)
2026-03-18T09:24:25.927+05:30  INFO 14608 --- [student-service] [main] j.LocalContainerEntityManagerFactoryBean : Initialized JPA EntityManagerFactory for persistence unit 'default'
2026-03-18T09:24:26.558+05:30  WARN 14608 --- [student-service] [main] JpaBaseConfiguration$JpaWebConfiguration : spring.jpa.open-in-view is enabled by default. Therefore, database queries may be performed during view rendering. Explicitly configure spring.jpa.open-in-view to disable this warning
2026-03-18T09:24:26.580+05:30  WARN 14608 --- [student-service] [main] .s.s.UserDetailsServiceAutoConfiguration : 

Using generated security password: 1d3f4e9b-34f6-4bab-ab10-fa873a707319

This generated password is for development use only. Your security configuration must be updated before running your application in production.

2026-03-18T09:24:26.963+05:30  INFO 14608 --- [student-service] [main] o.s.s.web.DefaultSecurityFilterChain     : Will secure any request with [org.springframework.security.web.session.DisableEncodeUrlFilter@7cab8d52, org.springframework.security.web.context.request.async.WebAsyncManagerIntegrationFilter@141eb85b, org.springframework.security.web.context.SecurityContextHolderFilter@647b3fd3, org.springframework.security.web.header.HeaderWriterFilter@3cc5408c, org.springframework.web.filter.CorsFilter@7d432bc0, org.springframework.security.web.authentication.logout.LogoutFilter@6eeeb9da, com.edulink.studentservice.security.JwtAuthFilter@421def93, org.springframework.security.web.savedrequest.RequestCacheAwareFilter@586b78d7, org.springframework.security.web.servletapi.SecurityContextHolderAwareRequestFilter@75882ac2, org.springframework.security.web.authentication.AnonymousAuthenticationFilter@6b04689e, org.springframework.security.web.session.SessionManagementFilter@4a1c14a6, org.springframework.security.web.access.ExceptionTranslationFilter@568fd3de, org.springframework.security.web.access.intercept.AuthorizationFilter@59263f7b]
2026-03-18T09:24:27.220+05:30  INFO 14608 --- [student-service] [main] o.s.b.w.embedded.tomcat.TomcatWebServer  : Tomcat started on port 8082 (http) with context path ''
2026-03-18T09:24:27.237+05:30  INFO 14608 --- [student-service] [main] c.e.s.StudentServiceApplication          : Started StudentServiceApplication in 5.551 seconds (process running for 6.127)
2026-03-18T09:34:54.221+05:30  INFO 23000 --- [student-service] [main] c.e.s.StudentServiceApplication          : Starting StudentServiceApplication v1.0.0 using Java 24.0.1 with PID 23000 (C:\Users\2479911\Downloads\files\edulink-microservices\edulink\student-service\target\student-service-1.0.0.jar started by 2479911 in C:\Users\2479911\Downloads\files\edulink-microservices\edulink)
2026-03-18T09:34:54.223+05:30 DEBUG 23000 --- [student-service] [main] c.e.s.StudentServiceApplication          : Running with Spring Boot v3.2.0, Spring v6.1.1
2026-03-18T09:34:54.224+05:30  INFO 23000 --- [student-service] [main] c.e.s.StudentServiceApplication          : No active profile set, falling back to 1 default profile: "default"
2026-03-18T09:34:55.311+05:30  INFO 23000 --- [student-service] [main] .s.d.r.c.RepositoryConfigurationDelegate : Bootstrapping Spring Data JPA repositories in DEFAULT mode.
2026-03-18T09:34:55.394+05:30  INFO 23000 --- [student-service] [main] .s.d.r.c.RepositoryConfigurationDelegate : Finished Spring Data repository scanning in 70 ms. Found 3 JPA repository interfaces.
2026-03-18T09:34:56.154+05:30  INFO 23000 --- [student-service] [main] o.s.b.w.embedded.tomcat.TomcatWebServer  : Tomcat initialized with port 8082 (http)
2026-03-18T09:34:56.169+05:30  INFO 23000 --- [student-service] [main] o.apache.catalina.core.StandardService   : Starting service [Tomcat]
2026-03-18T09:34:56.169+05:30  INFO 23000 --- [student-service] [main] o.apache.catalina.core.StandardEngine    : Starting Servlet engine: [Apache Tomcat/10.1.16]
2026-03-18T09:34:56.216+05:30  INFO 23000 --- [student-service] [main] o.a.c.c.C.[Tomcat].[localhost].[/]       : Initializing Spring embedded WebApplicationContext
2026-03-18T09:34:56.216+05:30  INFO 23000 --- [student-service] [main] w.s.c.ServletWebServerApplicationContext : Root WebApplicationContext: initialization completed in 1892 ms
2026-03-18T09:34:56.288+05:30 DEBUG 23000 --- [student-service] [main] c.e.s.security.JwtAuthFilter             : Filter 'jwtAuthFilter' configured for use
2026-03-18T09:34:56.494+05:30  INFO 23000 --- [student-service] [main] o.hibernate.jpa.internal.util.LogHelper  : HHH000204: Processing PersistenceUnitInfo [name: default]
2026-03-18T09:34:56.644+05:30  INFO 23000 --- [student-service] [main] org.hibernate.Version                    : HHH000412: Hibernate ORM core version 6.3.1.Final
2026-03-18T09:34:56.730+05:30  INFO 23000 --- [student-service] [main] o.h.c.internal.RegionFactoryInitiator    : HHH000026: Second-level cache disabled
2026-03-18T09:34:57.227+05:30  INFO 23000 --- [student-service] [main] o.s.o.j.p.SpringPersistenceUnitInfo      : No LoadTimeWeaver setup: ignoring JPA class transformer
2026-03-18T09:34:57.262+05:30  INFO 23000 --- [student-service] [main] com.zaxxer.hikari.HikariDataSource       : HikariPool-1 - Starting...
2026-03-18T09:34:57.477+05:30  INFO 23000 --- [student-service] [main] com.zaxxer.hikari.pool.HikariPool        : HikariPool-1 - Added connection com.mysql.cj.jdbc.ConnectionImpl@4b476233
2026-03-18T09:34:57.480+05:30  INFO 23000 --- [student-service] [main] com.zaxxer.hikari.HikariDataSource       : HikariPool-1 - Start completed.
2026-03-18T09:34:57.529+05:30  WARN 23000 --- [student-service] [main] org.hibernate.orm.deprecation            : HHH90000025: MySQL8Dialect does not need to be specified explicitly using 'hibernate.dialect' (remove the property setting and it will be selected by default)
2026-03-18T09:34:57.531+05:30  WARN 23000 --- [student-service] [main] org.hibernate.orm.deprecation            : HHH90000026: MySQL8Dialect has been deprecated; use org.hibernate.dialect.MySQLDialect instead
2026-03-18T09:34:58.357+05:30  INFO 23000 --- [student-service] [main] o.h.e.t.j.p.i.JtaPlatformInitiator       : HHH000489: No JTA platform available (set 'hibernate.transaction.jta.platform' to enable JTA platform integration)
2026-03-18T09:34:58.417+05:30  INFO 23000 --- [student-service] [main] j.LocalContainerEntityManagerFactoryBean : Initialized JPA EntityManagerFactory for persistence unit 'default'
2026-03-18T09:34:59.020+05:30  WARN 23000 --- [student-service] [main] JpaBaseConfiguration$JpaWebConfiguration : spring.jpa.open-in-view is enabled by default. Therefore, database queries may be performed during view rendering. Explicitly configure spring.jpa.open-in-view to disable this warning
2026-03-18T09:34:59.047+05:30  WARN 23000 --- [student-service] [main] .s.s.UserDetailsServiceAutoConfiguration : 

Using generated security password: 98bb7e82-f341-4af0-bfc6-942a5bb6cf2b

This generated password is for development use only. Your security configuration must be updated before running your application in production.

2026-03-18T09:34:59.498+05:30  INFO 23000 --- [student-service] [main] o.s.s.web.DefaultSecurityFilterChain     : Will secure any request with [org.springframework.security.web.session.DisableEncodeUrlFilter@15ea0ca3, org.springframework.security.web.context.request.async.WebAsyncManagerIntegrationFilter@7f3a92fd, org.springframework.security.web.context.SecurityContextHolderFilter@3efd3302, org.springframework.security.web.header.HeaderWriterFilter@198524ec, org.springframework.web.filter.CorsFilter@4e111e08, org.springframework.security.web.authentication.logout.LogoutFilter@551725e4, com.edulink.studentservice.security.JwtAuthFilter@25d0cb3a, org.springframework.security.web.savedrequest.RequestCacheAwareFilter@41538150, org.springframework.security.web.servletapi.SecurityContextHolderAwareRequestFilter@1360ef8d, org.springframework.security.web.authentication.AnonymousAuthenticationFilter@3e0e3048, org.springframework.security.web.session.SessionManagementFilter@5d260494, org.springframework.security.web.access.ExceptionTranslationFilter@27bc2650, org.springframework.security.web.access.intercept.AuthorizationFilter@2e488e45]
2026-03-18T09:34:59.915+05:30  INFO 23000 --- [student-service] [main] o.s.b.w.embedded.tomcat.TomcatWebServer  : Tomcat started on port 8082 (http) with context path ''
2026-03-18T09:34:59.933+05:30  INFO 23000 --- [student-service] [main] c.e.s.StudentServiceApplication          : Started StudentServiceApplication in 6.237 seconds (process running for 6.773)
2026-03-18T10:07:00.280+05:30  INFO 3880 --- [student-service] [main] c.e.s.StudentServiceApplication          : Starting StudentServiceApplication v1.0.0 using Java 24.0.1 with PID 3880 (C:\Users\2479911\Downloads\files\edulink-microservices\edulink\student-service\target\student-service-1.0.0.jar started by 2479911 in C:\Users\2479911\Downloads\files\edulink-microservices\edulink)
2026-03-18T10:07:00.286+05:30 DEBUG 3880 --- [student-service] [main] c.e.s.StudentServiceApplication          : Running with Spring Boot v3.2.0, Spring v6.1.1
2026-03-18T10:07:00.288+05:30  INFO 3880 --- [student-service] [main] c.e.s.StudentServiceApplication          : No active profile set, falling back to 1 default profile: "default"
2026-03-18T10:07:02.602+05:30  INFO 3880 --- [student-service] [main] .s.d.r.c.RepositoryConfigurationDelegate : Bootstrapping Spring Data JPA repositories in DEFAULT mode.
2026-03-18T10:07:02.778+05:30  INFO 3880 --- [student-service] [main] .s.d.r.c.RepositoryConfigurationDelegate : Finished Spring Data repository scanning in 143 ms. Found 3 JPA repository interfaces.
2026-03-18T10:07:04.437+05:30  INFO 3880 --- [student-service] [main] o.s.b.w.embedded.tomcat.TomcatWebServer  : Tomcat initialized with port 8082 (http)
2026-03-18T10:07:04.453+05:30  INFO 3880 --- [student-service] [main] o.apache.catalina.core.StandardService   : Starting service [Tomcat]
2026-03-18T10:07:04.455+05:30  INFO 3880 --- [student-service] [main] o.apache.catalina.core.StandardEngine    : Starting Servlet engine: [Apache Tomcat/10.1.16]
2026-03-18T10:07:04.583+05:30  INFO 3880 --- [student-service] [main] o.a.c.c.C.[Tomcat].[localhost].[/]       : Initializing Spring embedded WebApplicationContext
2026-03-18T10:07:04.585+05:30  INFO 3880 --- [student-service] [main] w.s.c.ServletWebServerApplicationContext : Root WebApplicationContext: initialization completed in 4006 ms
2026-03-18T10:07:04.734+05:30 DEBUG 3880 --- [student-service] [main] c.e.s.security.JwtAuthFilter             : Filter 'jwtAuthFilter' configured for use
2026-03-18T10:07:05.042+05:30  INFO 3880 --- [student-service] [main] o.hibernate.jpa.internal.util.LogHelper  : HHH000204: Processing PersistenceUnitInfo [name: default]
2026-03-18T10:07:05.178+05:30  INFO 3880 --- [student-service] [main] org.hibernate.Version                    : HHH000412: Hibernate ORM core version 6.3.1.Final
2026-03-18T10:07:05.254+05:30  INFO 3880 --- [student-service] [main] o.h.c.internal.RegionFactoryInitiator    : HHH000026: Second-level cache disabled
2026-03-18T10:07:05.820+05:30  INFO 3880 --- [student-service] [main] o.s.o.j.p.SpringPersistenceUnitInfo      : No LoadTimeWeaver setup: ignoring JPA class transformer
2026-03-18T10:07:05.881+05:30  INFO 3880 --- [student-service] [main] com.zaxxer.hikari.HikariDataSource       : HikariPool-1 - Starting...
2026-03-18T10:07:06.223+05:30  INFO 3880 --- [student-service] [main] com.zaxxer.hikari.pool.HikariPool        : HikariPool-1 - Added connection com.mysql.cj.jdbc.ConnectionImpl@28cb86b2
2026-03-18T10:07:06.226+05:30  INFO 3880 --- [student-service] [main] com.zaxxer.hikari.HikariDataSource       : HikariPool-1 - Start completed.
2026-03-18T10:07:06.291+05:30  WARN 3880 --- [student-service] [main] org.hibernate.orm.deprecation            : HHH90000025: MySQL8Dialect does not need to be specified explicitly using 'hibernate.dialect' (remove the property setting and it will be selected by default)
2026-03-18T10:07:06.293+05:30  WARN 3880 --- [student-service] [main] org.hibernate.orm.deprecation            : HHH90000026: MySQL8Dialect has been deprecated; use org.hibernate.dialect.MySQLDialect instead
2026-03-18T10:07:07.946+05:30  INFO 3880 --- [student-service] [main] o.h.e.t.j.p.i.JtaPlatformInitiator       : HHH000489: No JTA platform available (set 'hibernate.transaction.jta.platform' to enable JTA platform integration)
2026-03-18T10:07:08.027+05:30  INFO 3880 --- [student-service] [main] j.LocalContainerEntityManagerFactoryBean : Initialized JPA EntityManagerFactory for persistence unit 'default'
2026-03-18T10:07:09.209+05:30  WARN 3880 --- [student-service] [main] JpaBaseConfiguration$JpaWebConfiguration : spring.jpa.open-in-view is enabled by default. Therefore, database queries may be performed during view rendering. Explicitly configure spring.jpa.open-in-view to disable this warning
2026-03-18T10:07:09.248+05:30  WARN 3880 --- [student-service] [main] .s.s.UserDetailsServiceAutoConfiguration : 

Using generated security password: e3ebb51c-855a-4705-8151-830bcca2d80d

This generated password is for development use only. Your security configuration must be updated before running your application in production.

2026-03-18T10:07:09.853+05:30  INFO 3880 --- [student-service] [main] o.s.s.web.DefaultSecurityFilterChain     : Will secure any request with [org.springframework.security.web.session.DisableEncodeUrlFilter@7fba492e, org.springframework.security.web.context.request.async.WebAsyncManagerIntegrationFilter@6eeeb9da, org.springframework.security.web.context.SecurityContextHolderFilter@45b2b0ed, org.springframework.security.web.header.HeaderWriterFilter@3df681cc, org.springframework.web.filter.CorsFilter@17635531, org.springframework.security.web.authentication.logout.LogoutFilter@7c0b792e, com.edulink.studentservice.security.JwtAuthFilter@12ad1b2a, org.springframework.security.web.savedrequest.RequestCacheAwareFilter@24e31f06, org.springframework.security.web.servletapi.SecurityContextHolderAwareRequestFilter@5d260494, org.springframework.security.web.authentication.AnonymousAuthenticationFilter@2e488e45, org.springframework.security.web.session.SessionManagementFilter@1ecd09d5, org.springframework.security.web.access.ExceptionTranslationFilter@4220468, org.springframework.security.web.access.intercept.AuthorizationFilter@32d46229]
2026-03-18T10:07:10.328+05:30  INFO 3880 --- [student-service] [main] o.s.b.w.embedded.tomcat.TomcatWebServer  : Tomcat started on port 8082 (http) with context path ''
2026-03-18T10:07:10.355+05:30  INFO 3880 --- [student-service] [main] c.e.s.StudentServiceApplication          : Started StudentServiceApplication in 11.387 seconds (process running for 12.36)
2026-03-18T10:07:42.561+05:30  INFO 3880 --- [student-service] [SpringApplicationShutdownHook] j.LocalContainerEntityManagerFactoryBean : Closing JPA EntityManagerFactory for persistence unit 'default'
2026-03-18T10:07:42.567+05:30  INFO 3880 --- [student-service] [SpringApplicationShutdownHook] com.zaxxer.hikari.HikariDataSource       : HikariPool-1 - Shutdown initiated...
2026-03-18T10:07:42.594+05:30  INFO 3880 --- [student-service] [SpringApplicationShutdownHook] com.zaxxer.hikari.HikariDataSource       : HikariPool-1 - Shutdown completed.
