2026-04-08T21:01:45.014+05:30  INFO 10956 --- [student-service] [main] c.e.s.controller.StudentControllerTest   : Starting StudentControllerTest using Java 24.0.1 with PID 10956 (started by 2479954 in C:\Users\2479954\Desktop\Project\edulink-microservices-main\student-service)
2026-04-08T21:01:45.035+05:30 DEBUG 10956 --- [student-service] [main] c.e.s.controller.StudentControllerTest   : Running with Spring Boot v3.2.0, Spring v6.1.1
2026-04-08T21:01:45.039+05:30  INFO 10956 --- [student-service] [main] c.e.s.controller.StudentControllerTest   : No active profile set, falling back to 1 default profile: "default"
2026-04-08T21:01:47.057+05:30  INFO 10956 --- [student-service] [main] .s.d.r.c.RepositoryConfigurationDelegate : Bootstrapping Spring Data JPA repositories in DEFAULT mode.
2026-04-08T21:01:47.180+05:30  INFO 10956 --- [student-service] [main] .s.d.r.c.RepositoryConfigurationDelegate : Finished Spring Data repository scanning in 110 ms. Found 3 JPA repository interfaces.
2026-04-08T21:01:47.695+05:30  INFO 10956 --- [student-service] [main] o.s.cloud.context.scope.GenericScope     : BeanFactory id=f64bdf30-e8f1-38fa-86f4-69b0f26c690b
2026-04-08T21:01:51.684+05:30  INFO 10956 --- [student-service] [main] o.hibernate.jpa.internal.util.LogHelper  : HHH000204: Processing PersistenceUnitInfo [name: default]
2026-04-08T21:01:51.932+05:30  INFO 10956 --- [student-service] [main] org.hibernate.Version                    : HHH000412: Hibernate ORM core version 6.3.1.Final
2026-04-08T21:01:52.062+05:30  INFO 10956 --- [student-service] [main] o.h.c.internal.RegionFactoryInitiator    : HHH000026: Second-level cache disabled
2026-04-08T21:01:52.428+05:30  INFO 10956 --- [student-service] [main] o.s.o.j.p.SpringPersistenceUnitInfo      : No LoadTimeWeaver setup: ignoring JPA class transformer
2026-04-08T21:01:52.483+05:30  INFO 10956 --- [student-service] [main] com.zaxxer.hikari.HikariDataSource       : HikariPool-1 - Starting...
2026-04-08T21:01:52.940+05:30  INFO 10956 --- [student-service] [main] com.zaxxer.hikari.pool.HikariPool        : HikariPool-1 - Added connection com.mysql.cj.jdbc.ConnectionImpl@4d16975b
2026-04-08T21:01:52.943+05:30  INFO 10956 --- [student-service] [main] com.zaxxer.hikari.HikariDataSource       : HikariPool-1 - Start completed.
2026-04-08T21:01:53.101+05:30  WARN 10956 --- [student-service] [main] org.hibernate.orm.deprecation            : HHH90000025: MySQL8Dialect does not need to be specified explicitly using 'hibernate.dialect' (remove the property setting and it will be selected by default)
2026-04-08T21:01:53.104+05:30  WARN 10956 --- [student-service] [main] org.hibernate.orm.deprecation            : HHH90000026: MySQL8Dialect has been deprecated; use org.hibernate.dialect.MySQLDialect instead
2026-04-08T21:01:54.566+05:30  INFO 10956 --- [student-service] [main] o.h.e.t.j.p.i.JtaPlatformInitiator       : HHH000489: No JTA platform available (set 'hibernate.transaction.jta.platform' to enable JTA platform integration)
2026-04-08T21:01:54.683+05:30  INFO 10956 --- [student-service] [main] j.LocalContainerEntityManagerFactoryBean : Initialized JPA EntityManagerFactory for persistence unit 'default'
2026-04-08T21:01:55.719+05:30  WARN 10956 --- [student-service] [main] JpaBaseConfiguration$JpaWebConfiguration : spring.jpa.open-in-view is enabled by default. Therefore, database queries may be performed during view rendering. Explicitly configure spring.jpa.open-in-view to disable this warning
2026-04-08T21:01:55.853+05:30  WARN 10956 --- [student-service] [main] .s.s.UserDetailsServiceAutoConfiguration : 

Using generated security password: 16df7429-0fb2-47c1-b71a-2209baa7317c

This generated password is for development use only. Your security configuration must be updated before running your application in production.

2026-04-08T21:01:56.723+05:30  INFO 10956 --- [student-service] [main] o.s.s.web.DefaultSecurityFilterChain     : Will secure any request with [org.springframework.security.web.session.DisableEncodeUrlFilter@5bbeb9e3, org.springframework.security.web.context.request.async.WebAsyncManagerIntegrationFilter@456beb8b, org.springframework.security.web.context.SecurityContextHolderFilter@1af29a19, org.springframework.security.web.header.HeaderWriterFilter@6b9b9cb9, org.springframework.web.filter.CorsFilter@191cf38f, org.springframework.security.web.authentication.logout.LogoutFilter@32aa27a7, com.edulink.studentservice.security.JwtAuthFilter@70fcd3e5, org.springframework.security.web.savedrequest.RequestCacheAwareFilter@23b02f37, org.springframework.security.web.servletapi.SecurityContextHolderAwareRequestFilter@73cdf5f9, org.springframework.security.web.authentication.AnonymousAuthenticationFilter@2dc54b50, org.springframework.security.web.session.SessionManagementFilter@523e019c, org.springframework.security.web.access.ExceptionTranslationFilter@38447073, org.springframework.security.web.access.intercept.AuthorizationFilter@45f32b12]
2026-04-08T21:01:57.635+05:30  INFO 10956 --- [student-service] [main] o.s.b.t.m.w.SpringBootMockServletContext : Initializing Spring TestDispatcherServlet ''
2026-04-08T21:01:57.635+05:30  INFO 10956 --- [student-service] [main] o.s.t.web.servlet.TestDispatcherServlet  : Initializing Servlet ''
2026-04-08T21:01:57.638+05:30  INFO 10956 --- [student-service] [main] o.s.t.web.servlet.TestDispatcherServlet  : Completed initialization in 2 ms
2026-04-08T21:01:57.799+05:30  INFO 10956 --- [student-service] [main] c.e.s.controller.StudentControllerTest   : Started StudentControllerTest in 13.559 seconds (process running for 15.789)
2026-04-08T21:01:59.396+05:30  INFO 10956 --- [student-service] [main] c.e.s.controller.StudentController       : Received request to create student profile for userId: USR123
2026-04-08T21:01:59.397+05:30  INFO 10956 --- [student-service] [main] c.e.s.controller.StudentController       : Student profile created with id: 1 for userId: USR123
2026-04-08T21:01:59.924+05:30  INFO 10956 --- [student-service] [main] c.e.s.service.StudentService             : Saving student profile for userId: USR123
2026-04-08T21:01:59.928+05:30  INFO 10956 --- [student-service] [main] c.e.s.service.StudentService             : Saved student profile with id: null
2026-04-08T21:02:00.056+05:30  INFO 10956 --- [student-service] [SpringApplicationShutdownHook] j.LocalContainerEntityManagerFactoryBean : Closing JPA EntityManagerFactory for persistence unit 'default'
2026-04-08T21:02:00.062+05:30  INFO 10956 --- [student-service] [SpringApplicationShutdownHook] com.zaxxer.hikari.HikariDataSource       : HikariPool-1 - Shutdown initiated...
2026-04-08T21:02:00.083+05:30  INFO 10956 --- [student-service] [SpringApplicationShutdownHook] com.zaxxer.hikari.HikariDataSource       : HikariPool-1 - Shutdown completed.
2026-04-08T21:02:30.104+05:30  INFO 5400 --- [student-service] [main] c.e.s.controller.StudentControllerTest   : Starting StudentControllerTest using Java 24.0.1 with PID 5400 (started by 2479954 in C:\Users\2479954\Desktop\Project\edulink-microservices-main\student-service)
2026-04-08T21:02:30.107+05:30 DEBUG 5400 --- [student-service] [main] c.e.s.controller.StudentControllerTest   : Running with Spring Boot v3.2.0, Spring v6.1.1
2026-04-08T21:02:30.109+05:30  INFO 5400 --- [student-service] [main] c.e.s.controller.StudentControllerTest   : No active profile set, falling back to 1 default profile: "default"
2026-04-08T21:02:32.049+05:30  INFO 5400 --- [student-service] [main] .s.d.r.c.RepositoryConfigurationDelegate : Bootstrapping Spring Data JPA repositories in DEFAULT mode.
2026-04-08T21:02:32.149+05:30  INFO 5400 --- [student-service] [main] .s.d.r.c.RepositoryConfigurationDelegate : Finished Spring Data repository scanning in 86 ms. Found 3 JPA repository interfaces.
2026-04-08T21:02:32.808+05:30  INFO 5400 --- [student-service] [main] o.s.cloud.context.scope.GenericScope     : BeanFactory id=f64bdf30-e8f1-38fa-86f4-69b0f26c690b
2026-04-08T21:02:36.727+05:30  INFO 5400 --- [student-service] [main] o.hibernate.jpa.internal.util.LogHelper  : HHH000204: Processing PersistenceUnitInfo [name: default]
2026-04-08T21:02:36.931+05:30  INFO 5400 --- [student-service] [main] org.hibernate.Version                    : HHH000412: Hibernate ORM core version 6.3.1.Final
2026-04-08T21:02:37.085+05:30  INFO 5400 --- [student-service] [main] o.h.c.internal.RegionFactoryInitiator    : HHH000026: Second-level cache disabled
2026-04-08T21:02:37.453+05:30  INFO 5400 --- [student-service] [main] o.s.o.j.p.SpringPersistenceUnitInfo      : No LoadTimeWeaver setup: ignoring JPA class transformer
2026-04-08T21:02:37.510+05:30  INFO 5400 --- [student-service] [main] com.zaxxer.hikari.HikariDataSource       : HikariPool-1 - Starting...
2026-04-08T21:02:37.888+05:30  INFO 5400 --- [student-service] [main] com.zaxxer.hikari.pool.HikariPool        : HikariPool-1 - Added connection com.mysql.cj.jdbc.ConnectionImpl@1feb76b9
2026-04-08T21:02:37.892+05:30  INFO 5400 --- [student-service] [main] com.zaxxer.hikari.HikariDataSource       : HikariPool-1 - Start completed.
2026-04-08T21:02:37.964+05:30  WARN 5400 --- [student-service] [main] org.hibernate.orm.deprecation            : HHH90000025: MySQL8Dialect does not need to be specified explicitly using 'hibernate.dialect' (remove the property setting and it will be selected by default)
2026-04-08T21:02:37.968+05:30  WARN 5400 --- [student-service] [main] org.hibernate.orm.deprecation            : HHH90000026: MySQL8Dialect has been deprecated; use org.hibernate.dialect.MySQLDialect instead
2026-04-08T21:02:39.447+05:30  INFO 5400 --- [student-service] [main] o.h.e.t.j.p.i.JtaPlatformInitiator       : HHH000489: No JTA platform available (set 'hibernate.transaction.jta.platform' to enable JTA platform integration)
2026-04-08T21:02:39.528+05:30  INFO 5400 --- [student-service] [main] j.LocalContainerEntityManagerFactoryBean : Initialized JPA EntityManagerFactory for persistence unit 'default'
2026-04-08T21:02:40.762+05:30  WARN 5400 --- [student-service] [main] JpaBaseConfiguration$JpaWebConfiguration : spring.jpa.open-in-view is enabled by default. Therefore, database queries may be performed during view rendering. Explicitly configure spring.jpa.open-in-view to disable this warning
2026-04-08T21:02:40.850+05:30  WARN 5400 --- [student-service] [main] .s.s.UserDetailsServiceAutoConfiguration : 

Using generated security password: 6436df17-c00f-42bf-943d-beafe5e29a9e

This generated password is for development use only. Your security configuration must be updated before running your application in production.

2026-04-08T21:02:41.849+05:30  INFO 5400 --- [student-service] [main] o.s.s.web.DefaultSecurityFilterChain     : Will secure any request with [org.springframework.security.web.session.DisableEncodeUrlFilter@6e200307, org.springframework.security.web.context.request.async.WebAsyncManagerIntegrationFilter@6db84cae, org.springframework.security.web.context.SecurityContextHolderFilter@72b4ecb2, org.springframework.security.web.header.HeaderWriterFilter@7bca98d5, org.springframework.web.filter.CorsFilter@6db59e26, org.springframework.security.web.authentication.logout.LogoutFilter@2524f9bf, com.edulink.studentservice.security.JwtAuthFilter@3feb93a, org.springframework.security.web.savedrequest.RequestCacheAwareFilter@5687ba39, org.springframework.security.web.servletapi.SecurityContextHolderAwareRequestFilter@3fbf66e7, org.springframework.security.web.authentication.AnonymousAuthenticationFilter@32aa27a7, org.springframework.security.web.session.SessionManagementFilter@6b9b9cb9, org.springframework.security.web.access.ExceptionTranslationFilter@69c7fb94, org.springframework.security.web.access.intercept.AuthorizationFilter@515a2afd]
2026-04-08T21:02:42.815+05:30  INFO 5400 --- [student-service] [main] o.s.b.t.m.w.SpringBootMockServletContext : Initializing Spring TestDispatcherServlet ''
2026-04-08T21:02:42.816+05:30  INFO 5400 --- [student-service] [main] o.s.t.web.servlet.TestDispatcherServlet  : Initializing Servlet ''
2026-04-08T21:02:42.819+05:30  INFO 5400 --- [student-service] [main] o.s.t.web.servlet.TestDispatcherServlet  : Completed initialization in 2 ms
2026-04-08T21:02:42.983+05:30  INFO 5400 --- [student-service] [main] c.e.s.controller.StudentControllerTest   : Started StudentControllerTest in 13.68 seconds (process running for 15.757)
2026-04-08T21:02:44.859+05:30  INFO 5400 --- [student-service] [main] c.e.s.controller.StudentController       : Received request to create student profile for userId: USR123
2026-04-08T21:02:44.859+05:30  INFO 5400 --- [student-service] [main] c.e.s.controller.StudentController       : Student profile created with id: 1 for userId: USR123
2026-04-08T21:02:45.352+05:30  INFO 5400 --- [student-service] [main] c.e.s.service.StudentService             : Saving student profile for userId: USR123
2026-04-08T21:02:45.356+05:30  INFO 5400 --- [student-service] [main] c.e.s.service.StudentService             : Saved student profile with id: null
2026-04-08T21:02:45.461+05:30  INFO 5400 --- [student-service] [SpringApplicationShutdownHook] j.LocalContainerEntityManagerFactoryBean : Closing JPA EntityManagerFactory for persistence unit 'default'
2026-04-08T21:02:45.468+05:30  INFO 5400 --- [student-service] [SpringApplicationShutdownHook] com.zaxxer.hikari.HikariDataSource       : HikariPool-1 - Shutdown initiated...
2026-04-08T21:02:45.491+05:30  INFO 5400 --- [student-service] [SpringApplicationShutdownHook] com.zaxxer.hikari.HikariDataSource       : HikariPool-1 - Shutdown completed.
2026-04-08T21:04:15.242+05:30  INFO 32228 --- [student-service] [main] c.e.s.StudentServiceApplication          : Starting StudentServiceApplication using Java 24.0.1 with PID 32228 (C:\Users\2479954\Desktop\Project\edulink-microservices-main\student-service\target\classes started by 2479954 in C:\Users\2479954\Desktop\Project\edulink-microservices-main\student-service)
2026-04-08T21:04:15.251+05:30 DEBUG 32228 --- [student-service] [main] c.e.s.StudentServiceApplication          : Running with Spring Boot v3.2.0, Spring v6.1.1
2026-04-08T21:04:15.252+05:30  INFO 32228 --- [student-service] [main] c.e.s.StudentServiceApplication          : No active profile set, falling back to 1 default profile: "default"
2026-04-08T21:04:16.346+05:30  INFO 32228 --- [student-service] [main] .s.d.r.c.RepositoryConfigurationDelegate : Bootstrapping Spring Data JPA repositories in DEFAULT mode.
2026-04-08T21:04:16.417+05:30  INFO 32228 --- [student-service] [main] .s.d.r.c.RepositoryConfigurationDelegate : Finished Spring Data repository scanning in 62 ms. Found 3 JPA repository interfaces.
2026-04-08T21:04:16.646+05:30  INFO 32228 --- [student-service] [main] o.s.cloud.context.scope.GenericScope     : BeanFactory id=e0c55943-8fac-39c2-9943-c1bdf7ea2128
2026-04-08T21:04:17.138+05:30  INFO 32228 --- [student-service] [main] o.s.b.w.embedded.tomcat.TomcatWebServer  : Tomcat initialized with port 8082 (http)
2026-04-08T21:04:17.159+05:30  INFO 32228 --- [student-service] [main] o.apache.catalina.core.StandardService   : Starting service [Tomcat]
2026-04-08T21:04:17.161+05:30  INFO 32228 --- [student-service] [main] o.apache.catalina.core.StandardEngine    : Starting Servlet engine: [Apache Tomcat/10.1.16]
2026-04-08T21:04:17.276+05:30  INFO 32228 --- [student-service] [main] o.a.c.c.C.[Tomcat].[localhost].[/]       : Initializing Spring embedded WebApplicationContext
2026-04-08T21:04:17.276+05:30  INFO 32228 --- [student-service] [main] w.s.c.ServletWebServerApplicationContext : Root WebApplicationContext: initialization completed in 1950 ms
2026-04-08T21:04:17.331+05:30 DEBUG 32228 --- [student-service] [main] c.e.s.security.JwtAuthFilter             : Filter 'jwtAuthFilter' configured for use
2026-04-08T21:04:17.477+05:30  INFO 32228 --- [student-service] [main] o.hibernate.jpa.internal.util.LogHelper  : HHH000204: Processing PersistenceUnitInfo [name: default]
2026-04-08T21:04:17.590+05:30  INFO 32228 --- [student-service] [main] org.hibernate.Version                    : HHH000412: Hibernate ORM core version 6.3.1.Final
2026-04-08T21:04:17.639+05:30  INFO 32228 --- [student-service] [main] o.h.c.internal.RegionFactoryInitiator    : HHH000026: Second-level cache disabled
2026-04-08T21:04:17.980+05:30  INFO 32228 --- [student-service] [main] o.s.o.j.p.SpringPersistenceUnitInfo      : No LoadTimeWeaver setup: ignoring JPA class transformer
2026-04-08T21:04:18.026+05:30  INFO 32228 --- [student-service] [main] com.zaxxer.hikari.HikariDataSource       : HikariPool-1 - Starting...
2026-04-08T21:04:18.270+05:30  INFO 32228 --- [student-service] [main] com.zaxxer.hikari.pool.HikariPool        : HikariPool-1 - Added connection com.mysql.cj.jdbc.ConnectionImpl@1999149e
2026-04-08T21:04:18.274+05:30  INFO 32228 --- [student-service] [main] com.zaxxer.hikari.HikariDataSource       : HikariPool-1 - Start completed.
2026-04-08T21:04:18.347+05:30  WARN 32228 --- [student-service] [main] org.hibernate.orm.deprecation            : HHH90000025: MySQL8Dialect does not need to be specified explicitly using 'hibernate.dialect' (remove the property setting and it will be selected by default)
2026-04-08T21:04:18.349+05:30  WARN 32228 --- [student-service] [main] org.hibernate.orm.deprecation            : HHH90000026: MySQL8Dialect has been deprecated; use org.hibernate.dialect.MySQLDialect instead
2026-04-08T21:04:19.787+05:30  INFO 32228 --- [student-service] [main] o.h.e.t.j.p.i.JtaPlatformInitiator       : HHH000489: No JTA platform available (set 'hibernate.transaction.jta.platform' to enable JTA platform integration)
2026-04-08T21:04:19.878+05:30  INFO 32228 --- [student-service] [main] j.LocalContainerEntityManagerFactoryBean : Initialized JPA EntityManagerFactory for persistence unit 'default'
2026-04-08T21:04:20.779+05:30  WARN 32228 --- [student-service] [main] JpaBaseConfiguration$JpaWebConfiguration : spring.jpa.open-in-view is enabled by default. Therefore, database queries may be performed during view rendering. Explicitly configure spring.jpa.open-in-view to disable this warning
2026-04-08T21:04:20.994+05:30  WARN 32228 --- [student-service] [main] .s.s.UserDetailsServiceAutoConfiguration : 

Using generated security password: 0671eb27-6368-47ed-943f-c5d7badf9b22

This generated password is for development use only. Your security configuration must be updated before running your application in production.

2026-04-08T21:04:21.686+05:30  INFO 32228 --- [student-service] [main] o.s.s.web.DefaultSecurityFilterChain     : Will secure any request with [org.springframework.security.web.session.DisableEncodeUrlFilter@2c485b3a, org.springframework.security.web.context.request.async.WebAsyncManagerIntegrationFilter@4a00d591, org.springframework.security.web.context.SecurityContextHolderFilter@54e3cba2, org.springframework.security.web.header.HeaderWriterFilter@45bbb3e8, org.springframework.web.filter.CorsFilter@4fae4c3b, org.springframework.security.web.authentication.logout.LogoutFilter@4960b819, com.edulink.studentservice.security.JwtAuthFilter@d4df0e, org.springframework.security.web.savedrequest.RequestCacheAwareFilter@13e5c53c, org.springframework.security.web.servletapi.SecurityContextHolderAwareRequestFilter@5d03df76, org.springframework.security.web.authentication.AnonymousAuthenticationFilter@2222cd2c, org.springframework.security.web.session.SessionManagementFilter@4f2a9903, org.springframework.security.web.access.ExceptionTranslationFilter@411576c7, org.springframework.security.web.access.intercept.AuthorizationFilter@72c29d87]
2026-04-08T21:04:22.211+05:30  WARN 32228 --- [student-service] [main] ConfigServletWebServerApplicationContext : Exception encountered during context initialization - cancelling refresh attempt: org.springframework.context.ApplicationContextException: Failed to start bean 'webServerStartStop'
2026-04-08T21:04:22.219+05:30  INFO 32228 --- [student-service] [main] j.LocalContainerEntityManagerFactoryBean : Closing JPA EntityManagerFactory for persistence unit 'default'
2026-04-08T21:04:22.224+05:30  INFO 32228 --- [student-service] [main] com.zaxxer.hikari.HikariDataSource       : HikariPool-1 - Shutdown initiated...
2026-04-08T21:04:22.262+05:30  INFO 32228 --- [student-service] [main] com.zaxxer.hikari.HikariDataSource       : HikariPool-1 - Shutdown completed.
2026-04-08T21:04:22.284+05:30  INFO 32228 --- [student-service] [main] .s.b.a.l.ConditionEvaluationReportLogger : 

Error starting ApplicationContext. To display the condition evaluation report re-run your application with 'debug' enabled.
2026-04-08T21:04:22.322+05:30 ERROR 32228 --- [student-service] [main] o.s.b.d.LoggingFailureAnalysisReporter   : 

***************************
APPLICATION FAILED TO START
***************************

Description:

Web server failed to start. Port 8082 was already in use.

Action:

Identify and stop the process that's listening on port 8082 or configure this application to listen on another port.

2026-04-08T21:05:48.529+05:30  INFO 24584 --- [student-service] [main] c.e.s.StudentServiceApplication          : Starting StudentServiceApplication using Java 24.0.1 with PID 24584 (C:\Users\2479954\Desktop\Project\edulink-microservices-main\student-service\target\classes started by 2479954 in C:\Users\2479954\Desktop\Project\edulink-microservices-main\student-service)
2026-04-08T21:05:48.531+05:30 DEBUG 24584 --- [student-service] [main] c.e.s.StudentServiceApplication          : Running with Spring Boot v3.2.0, Spring v6.1.1
2026-04-08T21:05:48.533+05:30  INFO 24584 --- [student-service] [main] c.e.s.StudentServiceApplication          : No active profile set, falling back to 1 default profile: "default"
2026-04-08T21:05:49.655+05:30  INFO 24584 --- [student-service] [main] .s.d.r.c.RepositoryConfigurationDelegate : Bootstrapping Spring Data JPA repositories in DEFAULT mode.
2026-04-08T21:05:49.770+05:30  INFO 24584 --- [student-service] [main] .s.d.r.c.RepositoryConfigurationDelegate : Finished Spring Data repository scanning in 101 ms. Found 3 JPA repository interfaces.
2026-04-08T21:05:50.132+05:30  INFO 24584 --- [student-service] [main] o.s.cloud.context.scope.GenericScope     : BeanFactory id=e0c55943-8fac-39c2-9943-c1bdf7ea2128
2026-04-08T21:05:50.727+05:30  INFO 24584 --- [student-service] [main] o.s.b.w.embedded.tomcat.TomcatWebServer  : Tomcat initialized with port 8082 (http)
2026-04-08T21:05:50.746+05:30  INFO 24584 --- [student-service] [main] o.apache.catalina.core.StandardService   : Starting service [Tomcat]
2026-04-08T21:05:50.748+05:30  INFO 24584 --- [student-service] [main] o.apache.catalina.core.StandardEngine    : Starting Servlet engine: [Apache Tomcat/10.1.16]
2026-04-08T21:05:50.855+05:30  INFO 24584 --- [student-service] [main] o.a.c.c.C.[Tomcat].[localhost].[/]       : Initializing Spring embedded WebApplicationContext
2026-04-08T21:05:50.856+05:30  INFO 24584 --- [student-service] [main] w.s.c.ServletWebServerApplicationContext : Root WebApplicationContext: initialization completed in 2199 ms
2026-04-08T21:05:50.922+05:30 DEBUG 24584 --- [student-service] [main] c.e.s.security.JwtAuthFilter             : Filter 'jwtAuthFilter' configured for use
2026-04-08T21:05:51.090+05:30  INFO 24584 --- [student-service] [main] o.hibernate.jpa.internal.util.LogHelper  : HHH000204: Processing PersistenceUnitInfo [name: default]
2026-04-08T21:05:51.154+05:30  INFO 24584 --- [student-service] [main] org.hibernate.Version                    : HHH000412: Hibernate ORM core version 6.3.1.Final
2026-04-08T21:05:51.204+05:30  INFO 24584 --- [student-service] [main] o.h.c.internal.RegionFactoryInitiator    : HHH000026: Second-level cache disabled
2026-04-08T21:05:51.502+05:30  INFO 24584 --- [student-service] [main] o.s.o.j.p.SpringPersistenceUnitInfo      : No LoadTimeWeaver setup: ignoring JPA class transformer
2026-04-08T21:05:51.539+05:30  INFO 24584 --- [student-service] [main] com.zaxxer.hikari.HikariDataSource       : HikariPool-1 - Starting...
2026-04-08T21:05:51.734+05:30  INFO 24584 --- [student-service] [main] com.zaxxer.hikari.pool.HikariPool        : HikariPool-1 - Added connection com.mysql.cj.jdbc.ConnectionImpl@579846cc
2026-04-08T21:05:51.737+05:30  INFO 24584 --- [student-service] [main] com.zaxxer.hikari.HikariDataSource       : HikariPool-1 - Start completed.
2026-04-08T21:05:51.794+05:30  WARN 24584 --- [student-service] [main] org.hibernate.orm.deprecation            : HHH90000025: MySQL8Dialect does not need to be specified explicitly using 'hibernate.dialect' (remove the property setting and it will be selected by default)
2026-04-08T21:05:51.796+05:30  WARN 24584 --- [student-service] [main] org.hibernate.orm.deprecation            : HHH90000026: MySQL8Dialect has been deprecated; use org.hibernate.dialect.MySQLDialect instead
2026-04-08T21:05:52.961+05:30  INFO 24584 --- [student-service] [main] o.h.e.t.j.p.i.JtaPlatformInitiator       : HHH000489: No JTA platform available (set 'hibernate.transaction.jta.platform' to enable JTA platform integration)
2026-04-08T21:05:53.062+05:30  INFO 24584 --- [student-service] [main] j.LocalContainerEntityManagerFactoryBean : Initialized JPA EntityManagerFactory for persistence unit 'default'
2026-04-08T21:05:53.714+05:30  WARN 24584 --- [student-service] [main] JpaBaseConfiguration$JpaWebConfiguration : spring.jpa.open-in-view is enabled by default. Therefore, database queries may be performed during view rendering. Explicitly configure spring.jpa.open-in-view to disable this warning
2026-04-08T21:05:53.918+05:30  WARN 24584 --- [student-service] [main] .s.s.UserDetailsServiceAutoConfiguration : 

Using generated security password: 959a17e3-d51b-4cf0-b15e-3a290dce74dc

This generated password is for development use only. Your security configuration must be updated before running your application in production.

2026-04-08T21:05:54.338+05:30  INFO 24584 --- [student-service] [main] o.s.s.web.DefaultSecurityFilterChain     : Will secure any request with [org.springframework.security.web.session.DisableEncodeUrlFilter@4fae4c3b, org.springframework.security.web.context.request.async.WebAsyncManagerIntegrationFilter@2222cd2c, org.springframework.security.web.context.SecurityContextHolderFilter@13e5c53c, org.springframework.security.web.header.HeaderWriterFilter@13976c57, org.springframework.web.filter.CorsFilter@4cddc3d9, org.springframework.security.web.authentication.logout.LogoutFilter@192aeae2, com.edulink.studentservice.security.JwtAuthFilter@93824eb, org.springframework.security.web.savedrequest.RequestCacheAwareFilter@17f7a1af, org.springframework.security.web.servletapi.SecurityContextHolderAwareRequestFilter@d62feaf, org.springframework.security.web.authentication.AnonymousAuthenticationFilter@3d2b8e, org.springframework.security.web.session.SessionManagementFilter@e280006, org.springframework.security.web.access.ExceptionTranslationFilter@45bbb3e8, org.springframework.security.web.access.intercept.AuthorizationFilter@20e9b10b]
2026-04-08T21:05:54.771+05:30  INFO 24584 --- [student-service] [main] o.s.b.w.embedded.tomcat.TomcatWebServer  : Tomcat started on port 8082 (http) with context path ''
2026-04-08T21:05:54.799+05:30  INFO 24584 --- [student-service] [main] c.e.s.StudentServiceApplication          : Started StudentServiceApplication in 7.317 seconds (process running for 7.989)
2026-04-08T21:07:09.684+05:30  INFO 24584 --- [student-service] [http-nio-8082-exec-2] o.a.c.c.C.[Tomcat].[localhost].[/]       : Initializing Spring DispatcherServlet 'dispatcherServlet'
2026-04-08T21:07:09.684+05:30  INFO 24584 --- [student-service] [http-nio-8082-exec-2] o.s.web.servlet.DispatcherServlet        : Initializing Servlet 'dispatcherServlet'
2026-04-08T21:07:09.692+05:30  INFO 24584 --- [student-service] [http-nio-8082-exec-2] o.s.web.servlet.DispatcherServlet        : Completed initialization in 8 ms
2026-04-08T21:07:09.739+05:30  WARN 24584 --- [student-service] [http-nio-8082-exec-2] o.s.w.s.h.HandlerMappingIntrospector     : Cache miss for REQUEST dispatch to '/student/courses' (previous null). Performing CorsConfiguration lookup. This is logged once only at WARN level, and every time at TRACE.
2026-04-08T21:07:10.025+05:30 DEBUG 24584 --- [student-service] [http-nio-8082-exec-2] c.e.s.security.JwtAuthFilter             : JWT filter: token parsed successfully, subject=student@greenwood.edu, role=STUDENT
2026-04-08T21:07:10.030+05:30 DEBUG 24584 --- [student-service] [http-nio-8082-exec-2] c.e.s.security.JwtAuthFilter             : JWT filter: authentication set for student@greenwood.edu with role STUDENT
2026-04-08T21:07:10.038+05:30  WARN 24584 --- [student-service] [http-nio-8082-exec-2] o.s.w.s.h.HandlerMappingIntrospector     : Cache miss for REQUEST dispatch to '/student/courses' (previous null). Performing MatchableHandlerMapping lookup. This is logged once only at WARN level, and every time at TRACE.
